The target system is: Android - 1 - x86_64
The host system is: Darwin - 19.3.0 - x86_64
Determining if the C compiler works passed with the following output:
Change Dir: /Users/connormcfadden/Documents/Bink/Android/binkapp/app/.cxx/cmake/release/x86_64/CMakeFiles/CMakeTmp

Run Build Command:"/Users/connormcfadden/Library/Android/sdk/cmake/3.10.2.4988404/bin/ninja" "cmTC_245ec"
[1/2] Building C object CMakeFiles/cmTC_245ec.dir/testCCompiler.c.o
[2/2] Linking C executable cmTC_245ec


Detecting C compiler ABI info compiled with the following output:
Change Dir: /Users/connormcfadden/Documents/Bink/Android/binkapp/app/.cxx/cmake/release/x86_64/CMakeFiles/CMakeTmp

Run Build Command:"/Users/connormcfadden/Library/Android/sdk/cmake/3.10.2.4988404/bin/ninja" "cmTC_d4ece"
[1/2] Building C object CMakeFiles/cmTC_d4ece.dir/CMakeCCompilerABI.c.o
[2/2] Linking C executable cmTC_d4ece
Android (5900059 based on r365631c) clang version 9.0.8 (https://android.googlesource.com/toolchain/llvm-project 207d7abc1a2abf3ef8d4301736d6a7ebc224a290) (based on LLVM 9.0.8svn)
Target: x86_64-none-linux-android23
Thread model: posix
InstalledDir: /Users/connormcfadden/Library/Android/sdk/ndk/21.0.6113669/toolchains/llvm/prebuilt/darwin-x86_64/bin
Found candidate GCC installation: /Users/connormcfadden/Library/Android/sdk/ndk/21.0.6113669/toolchains/llvm/prebuilt/darwin-x86_64/lib/gcc/i686-linux-android/4.9.x
Found candidate GCC installation: /Users/connormcfadden/Library/Android/sdk/ndk/21.0.6113669/toolchains/llvm/prebuilt/darwin-x86_64/lib/gcc/x86_64-linux-android/4.9.x
Selected GCC installation: /Users/connormcfadden/Library/Android/sdk/ndk/21.0.6113669/toolchains/llvm/prebuilt/darwin-x86_64/lib/gcc/x86_64-linux-android/4.9.x
Candidate multilib: .;@m64
Selected multilib: .;@m64
 "/Users/connormcfadden/Library/Android/sdk/ndk/21.0.6113669/toolchains/llvm/prebuilt/darwin-x86_64/lib/gcc/x86_64-linux-android/4.9.x/../../../../x86_64-linux-android/bin/ld" --sysroot=/Users/connormcfadden/Library/Android/sdk/ndk/21.0.6113669/toolchains/llvm/prebuilt/darwin-x86_64/sysroot -pie -z noexecstack --warn-shared-textrel -z now -z relro --hash-style=gnu --enable-new-dtags --eh-frame-hdr -m elf_x86_64 -dynamic-linker /system/bin/linker64 -o cmTC_d4ece /Users/connormcfadden/Library/Android/sdk/ndk/21.0.6113669/toolchains/llvm/prebuilt/darwin-x86_64/sysroot/usr/lib/x86_64-linux-android/23/crtbegin_dynamic.o -L/Users/connormcfadden/Library/Android/sdk/ndk/21.0.6113669/toolchains/llvm/prebuilt/darwin-x86_64/lib64/clang/9.0.8/lib/linux/x86_64 -L/Users/connormcfadden/Library/Android/sdk/ndk/21.0.6113669/toolchains/llvm/prebuilt/darwin-x86_64/lib/gcc/x86_64-linux-android/4.9.x -L/Users/connormcfadden/Library/Android/sdk/ndk/21.0.6113669/toolchains/llvm/prebuilt/darwin-x86_64/lib/gcc/x86_64-linux-android/4.9.x/../../../../x86_64-linux-android/lib/../lib64 -L/Users/connormcfadden/Library/Android/sdk/ndk/21.0.6113669/toolchains/llvm/prebuilt/darwin-x86_64/sysroot/usr/lib/x86_64-linux-android/23 -L/Users/connormcfadden/Library/Android/sdk/ndk/21.0.6113669/toolchains/llvm/prebuilt/darwin-x86_64/sysroot/usr/lib/x86_64-linux-android -L/Users/connormcfadden/Library/Android/sdk/ndk/21.0.6113669/toolchains/llvm/prebuilt/darwin-x86_64/lib/gcc/x86_64-linux-android/4.9.x/../../../../x86_64-linux-android/lib -L/Users/connormcfadden/Library/Android/sdk/ndk/21.0.6113669/toolchains/llvm/prebuilt/darwin-x86_64/sysroot/usr/lib --exclude-libs libgcc_real.a --exclude-libs libatomic.a --build-id --fatal-warnings --no-undefined --gc-sections CMakeFiles/cmTC_d4ece.dir/CMakeCCompilerABI.c.o -lgcc -ldl -lc -lgcc -ldl /Users/connormcfadden/Library/Android/sdk/ndk/21.0.6113669/toolchains/llvm/prebuilt/darwin-x86_64/sysroot/usr/lib/x86_64-linux-android/23/crtend_android.o


Parsed C implicit link information from above output:
  link line regex: [^( *|.*[/\])(x86_64-linux-android-ld|CMAKE_LINK_STARTFILE-NOTFOUND|([^/\]+-)?ld|collect2)[^/\]*( |$)]
  ignore line: [Change Dir: /Users/connormcfadden/Documents/Bink/Android/binkapp/app/.cxx/cmake/release/x86_64/CMakeFiles/CMakeTmp]
  ignore line: []
  ignore line: [Run Build Command:"/Users/connormcfadden/Library/Android/sdk/cmake/3.10.2.4988404/bin/ninja" "cmTC_d4ece"]
  ignore line: [[1/2] Building C object CMakeFiles/cmTC_d4ece.dir/CMakeCCompilerABI.c.o]
  ignore line: [[2/2] Linking C executable cmTC_d4ece]
  ignore line: [Android (5900059 based on r365631c) clang version 9.0.8 (https://android.googlesource.com/toolchain/llvm-project 207d7abc1a2abf3ef8d4301736d6a7ebc224a290) (based on LLVM 9.0.8svn)]
  ignore line: [Target: x86_64-none-linux-android23]
  ignore line: [Thread model: posix]
  ignore line: [InstalledDir: /Users/connormcfadden/Library/Android/sdk/ndk/21.0.6113669/toolchains/llvm/prebuilt/darwin-x86_64/bin]
  ignore line: [Found candidate GCC installation: /Users/connormcfadden/Library/Android/sdk/ndk/21.0.6113669/toolchains/llvm/prebuilt/darwin-x86_64/lib/gcc/i686-linux-android/4.9.x]
  ignore line: [Found candidate GCC installation: /Users/connormcfadden/Library/Android/sdk/ndk/21.0.6113669/toolchains/llvm/prebuilt/darwin-x86_64/lib/gcc/x86_64-linux-android/4.9.x]
  ignore line: [Selected GCC installation: /Users/connormcfadden/Library/Android/sdk/ndk/21.0.6113669/toolchains/llvm/prebuilt/darwin-x86_64/lib/gcc/x86_64-linux-android/4.9.x]
  ignore line: [Candidate multilib: .]
  ignore line: [@m64]
  ignore line: [Selected multilib: .]
  ignore line: [@m64]
  link line: [ "/Users/connormcfadden/Library/Android/sdk/ndk/21.0.6113669/toolchains/llvm/prebuilt/darwin-x86_64/lib/gcc/x86_64-linux-android/4.9.x/../../../../x86_64-linux-android/bin/ld" --sysroot=/Users/connormcfadden/Library/Android/sdk/ndk/21.0.6113669/toolchains/llvm/prebuilt/darwin-x86_64/sysroot -pie -z noexecstack --warn-shared-textrel -z now -z relro --hash-style=gnu --enable-new-dtags --eh-frame-hdr -m elf_x86_64 -dynamic-linker /system/bin/linker64 -o cmTC_d4ece /Users/connormcfadden/Library/Android/sdk/ndk/21.0.6113669/toolchains/llvm/prebuilt/darwin-x86_64/sysroot/usr/lib/x86_64-linux-android/23/crtbegin_dynamic.o -L/Users/connormcfadden/Library/Android/sdk/ndk/21.0.6113669/toolchains/llvm/prebuilt/darwin-x86_64/lib64/clang/9.0.8/lib/linux/x86_64 -L/Users/connormcfadden/Library/Android/sdk/ndk/21.0.6113669/toolchains/llvm/prebuilt/darwin-x86_64/lib/gcc/x86_64-linux-android/4.9.x -L/Users/connormcfadden/Library/Android/sdk/ndk/21.0.6113669/toolchains/llvm/prebuilt/darwin-x86_64/lib/gcc/x86_64-linux-android/4.9.x/../../../../x86_64-linux-android/lib/../lib64 -L/Users/connormcfadden/Library/Android/sdk/ndk/21.0.6113669/toolchains/llvm/prebuilt/darwin-x86_64/sysroot/usr/lib/x86_64-linux-android/23 -L/Users/connormcfadden/Library/Android/sdk/ndk/21.0.6113669/toolchains/llvm/prebuilt/darwin-x86_64/sysroot/usr/lib/x86_64-linux-android -L/Users/connormcfadden/Library/Android/sdk/ndk/21.0.6113669/toolchains/llvm/prebuilt/darwin-x86_64/lib/gcc/x86_64-linux-android/4.9.x/../../../../x86_64-linux-android/lib -L/Users/connormcfadden/Library/Android/sdk/ndk/21.0.6113669/toolchains/llvm/prebuilt/darwin-x86_64/sysroot/usr/lib --exclude-libs libgcc_real.a --exclude-libs libatomic.a --build-id --fatal-warnings --no-undefined --gc-sections CMakeFiles/cmTC_d4ece.dir/CMakeCCompilerABI.c.o -lgcc -ldl -lc -lgcc -ldl /Users/connormcfadden/Library/Android/sdk/ndk/21.0.6113669/toolchains/llvm/prebuilt/darwin-x86_64/sysroot/usr/lib/x86_64-linux-android/23/crtend_android.o]
    arg [/Users/connormcfadden/Library/Android/sdk/ndk/21.0.6113669/toolchains/llvm/prebuilt/darwin-x86_64/lib/gcc/x86_64-linux-android/4.9.x/../../../../x86_64-linux-android/bin/ld] ==> ignore
    arg [--sysroot=/Users/connormcfadden/Library/Android/sdk/ndk/21.0.6113669/toolchains/llvm/prebuilt/darwin-x86_64/sysroot] ==> ignore
    arg [-pie] ==> ignore
    arg [-znoexecstack] ==> ignore
    arg [--warn-shared-textrel] ==> ignore
    arg [-znow] ==> ignore
    arg [-zrelro] ==> ignore
    arg [--hash-style=gnu] ==> ignore
    arg [--enable-new-dtags] ==> ignore
    arg [--eh-frame-hdr] ==> ignore
    arg [-m] ==> ignore
    arg [elf_x86_64] ==> ignore
    arg [-dynamic-linker] ==> ignore
    arg [/system/bin/linker64] ==> ignore
    arg [-o] ==> ignore
    arg [cmTC_d4ece] ==> ignore
    arg [/Users/connormcfadden/Library/Android/sdk/ndk/21.0.6113669/toolchains/llvm/prebuilt/darwin-x86_64/sysroot/usr/lib/x86_64-linux-android/23/crtbegin_dynamic.o] ==> ignore
    arg [-L/Users/connormcfadden/Library/Android/sdk/ndk/21.0.6113669/toolchains/llvm/prebuilt/darwin-x86_64/lib64/clang/9.0.8/lib/linux/x86_64] ==> dir [/Users/connormcfadden/Library/Android/sdk/ndk/21.0.6113669/toolchains/llvm/prebuilt/darwin-x86_64/lib64/clang/9.0.8/lib/linux/x86_64]
    arg [-L/Users/connormcfadden/Library/Android/sdk/ndk/21.0.6113669/toolchains/llvm/prebuilt/darwin-x86_64/lib/gcc/x86_64-linux-android/4.9.x] ==> dir [/Users/connormcfadden/Library/Android/sdk/ndk/21.0.6113669/toolchains/llvm/prebuilt/darwin-x86_64/lib/gcc/x86_64-linux-android/4.9.x]
    arg [-L/Users/connormcfadden/Library/Android/sdk/ndk/21.0.6113669/toolchains/llvm/prebuilt/darwin-x86_64/lib/gcc/x86_64-linux-android/4.9.x/../../../../x86_64-linux-android/lib/../lib64] ==> dir [/Users/connormcfadden/Library/Android/sdk/ndk/21.0.6113669/toolchains/llvm/prebuilt/darwin-x86_64/lib/gcc/x86_64-linux-android/4.9.x/../../../../x86_64-linux-android/lib/../lib64]
    arg [-L/Users/connormcfadden/Library/Android/sdk/ndk/21.0.6113669/toolchains/llvm/prebuilt/darwin-x86_64/sysroot/usr/lib/x86_64-linux-android/23] ==> dir [/Users/connormcfadden/Library/Android/sdk/ndk/21.0.6113669/toolchains/llvm/prebuilt/darwin-x86_64/sysroot/usr/lib/x86_64-linux-android/23]
    arg [-L/Users/connormcfadden/Library/Android/sdk/ndk/21.0.6113669/toolchains/llvm/prebuilt/darwin-x86_64/sysroot/usr/lib/x86_64-linux-android] ==> dir [/Users/connormcfadden/Library/Android/sdk/ndk/21.0.6113669/toolchains/llvm/prebuilt/darwin-x86_64/sysroot/usr/lib/x86_64-linux-android]
    arg [-L/Users/connormcfadden/Library/Android/sdk/ndk/21.0.6113669/toolchains/llvm/prebuilt/darwin-x86_64/lib/gcc/x86_64-linux-android/4.9.x/../../../../x86_64-linux-android/lib] ==> dir [/Users/connormcfadden/Library/Android/sdk/ndk/21.0.6113669/toolchains/llvm/prebuilt/darwin-x86_64/lib/gcc/x86_64-linux-android/4.9.x/../../../../x86_64-linux-android/lib]
    arg [-L/Users/connormcfadden/Library/Android/sdk/ndk/21.0.6113669/toolchains/llvm/prebuilt/darwin-x86_64/sysroot/usr/lib] ==> dir [/Users/connormcfadden/Library/Android/sdk/ndk/21.0.6113669/toolchains/llvm/prebuilt/darwin-x86_64/sysroot/usr/lib]
    arg [--exclude-libs] ==> ignore
    arg [libgcc_real.a] ==> ignore
    arg [--exclude-libs] ==> ignore
    arg [libatomic.a] ==> ignore
    arg [--build-id] ==> ignore
    arg [--fatal-warnings] ==> ignore
    arg [--no-undefined] ==> ignore
    arg [--gc-sections] ==> ignore
    arg [CMakeFiles/cmTC_d4ece.dir/CMakeCCompilerABI.c.o] ==> ignore
    arg [-lgcc] ==> lib [gcc]
    arg [-ldl] ==> lib [dl]
    arg [-lc] ==> lib [c]
    arg [-lgcc] ==> lib [gcc]
    arg [-ldl] ==> lib [dl]
    arg [/Users/connormcfadden/Library/Android/sdk/ndk/21.0.6113669/toolchains/llvm/prebuilt/darwin-x86_64/sysroot/usr/lib/x86_64-linux-android/23/crtend_android.o] ==> ignore
  collapse library dir [/Users/connormcfadden/Library/Android/sdk/ndk/21.0.6113669/toolchains/llvm/prebuilt/darwin-x86_64/lib64/clang/9.0.8/lib/linux/x86_64] ==> [/Users/connormcfadden/Library/Android/sdk/ndk/21.0.6113669/toolchains/llvm/prebuilt/darwin-x86_64/lib64/clang/9.0.8/lib/linux/x86_64]
  collapse library dir [/Users/connormcfadden/Library/Android/sdk/ndk/21.0.6113669/toolchains/llvm/prebuilt/darwin-x86_64/lib/gcc/x86_64-linux-android/4.9.x] ==> [/Users/connormcfadden/Library/Android/sdk/ndk/21.0.6113669/toolchains/llvm/prebuilt/darwin-x86_64/lib/gcc/x86_64-linux-android/4.9.x]
  collapse library dir [/Users/connormcfadden/Library/Android/sdk/ndk/21.0.6113669/toolchains/llvm/prebuilt/darwin-x86_64/lib/gcc/x86_64-linux-android/4.9.x/../../../../x86_64-linux-android/lib/../lib64] ==> [/Users/connormcfadden/Library/Android/sdk/ndk/21.0.6113669/toolchains/llvm/prebuilt/darwin-x86_64/x86_64-linux-android/lib64]
  collapse library dir [/Users/connormcfadden/Library/Android/sdk/ndk/21.0.6113669/toolchains/llvm/prebuilt/darwin-x86_64/sysroot/usr/lib/x86_64-linux-android/23] ==> [/Users/connormcfadden/Library/Android/sdk/ndk/21.0.6113669/toolchains/llvm/prebuilt/darwin-x86_64/sysroot/usr/lib/x86_64-linux-android/23]
  collapse library dir [/Users/connormcfadden/Library/Android/sdk/ndk/21.0.6113669/toolchains/llvm/prebuilt/darwin-x86_64/sysroot/usr/lib/x86_64-linux-android] ==> [/Users/connormcfadden/Library/Android/sdk/ndk/21.0.6113669/toolchains/llvm/prebuilt/darwin-x86_64/sysroot/usr/lib/x86_64-linux-android]
  collapse library dir [/Users/connormcfadden/Library/Android/sdk/ndk/21.0.6113669/toolchains/llvm/prebuilt/darwin-x86_64/lib/gcc/x86_64-linux-android/4.9.x/../../../../x86_64-linux-android/lib] ==> [/Users/connormcfadden/Library/Android/sdk/ndk/21.0.6113669/toolchains/llvm/prebuilt/darwin-x86_64/x86_64-linux-android/lib]
  collapse library dir [/Users/connormcfadden/Library/Android/sdk/ndk/21.0.6113669/toolchains/llvm/prebuilt/darwin-x86_64/sysroot/usr/lib] ==> [/Users/connormcfadden/Library/Android/sdk/ndk/21.0.6113669/toolchains/llvm/prebuilt/darwin-x86_64/sysroot/usr/lib]
  implicit libs: [gcc;dl;c;gcc;dl]
  implicit dirs: [/Users/connormcfadden/Library/Android/sdk/ndk/21.0.6113669/toolchains/llvm/prebuilt/darwin-x86_64/lib64/clang/9.0.8/lib/linux/x86_64;/Users/connormcfadden/Library/Android/sdk/ndk/21.0.6113669/toolchains/llvm/prebuilt/darwin-x86_64/lib/gcc/x86_64-linux-android/4.9.x;/Users/connormcfadden/Library/Android/sdk/ndk/21.0.6113669/toolchains/llvm/prebuilt/darwin-x86_64/x86_64-linux-android/lib64;/Users/connormcfadden/Library/Android/sdk/ndk/21.0.6113669/toolchains/llvm/prebuilt/darwin-x86_64/sysroot/usr/lib/x86_64-linux-android/23;/Users/connormcfadden/Library/Android/sdk/ndk/21.0.6113669/toolchains/llvm/prebuilt/darwin-x86_64/sysroot/usr/lib/x86_64-linux-android;/Users/connormcfadden/Library/Android/sdk/ndk/21.0.6113669/toolchains/llvm/prebuilt/darwin-x86_64/x86_64-linux-android/lib;/Users/connormcfadden/Library/Android/sdk/ndk/21.0.6113669/toolchains/llvm/prebuilt/darwin-x86_64/sysroot/usr/lib]
  implicit fwks: []




Detecting C [-std=c11] compiler features compiled with the following output:
Change Dir: /Users/connormcfadden/Documents/Bink/Android/binkapp/app/.cxx/cmake/release/x86_64/CMakeFiles/CMakeTmp

Run Build Command:"/Users/connormcfadden/Library/Android/sdk/cmake/3.10.2.4988404/bin/ninja" "cmTC_6b838"
[1/2] Building C object CMakeFiles/cmTC_6b838.dir/feature_tests.c.o
[2/2] Linking C executable cmTC_6b838


    Feature record: C_FEATURE:1c_function_prototypes
    Feature record: C_FEATURE:1c_restrict
    Feature record: C_FEATURE:1c_static_assert
    Feature record: C_FEATURE:1c_variadic_macros


Detecting C [-std=c99] compiler features compiled with the following output:
Change Dir: /Users/connormcfadden/Documents/Bink/Android/binkapp/app/.cxx/cmake/release/x86_64/CMakeFiles/CMakeTmp

Run Build Command:"/Users/connormcfadden/Library/Android/sdk/cmake/3.10.2.4988404/bin/ninja" "cmTC_6c17c"
[1/2] Building C object CMakeFiles/cmTC_6c17c.dir/feature_tests.c.o
[2/2] Linking C executable cmTC_6c17c


    Feature record: C_FEATURE:1c_function_prototypes
    Feature record: C_FEATURE:1c_restrict
    Feature record: C_FEATURE:0c_static_assert
    Feature record: C_FEATURE:1c_variadic_macros


Detecting C [-std=c90] compiler features compiled with the following output:
Change Dir: /Users/connormcfadden/Documents/Bink/Android/binkapp/app/.cxx/cmake/release/x86_64/CMakeFiles/CMakeTmp

Run Build Command:"/Users/connormcfadden/Library/Android/sdk/cmake/3.10.2.4988404/bin/ninja" "cmTC_91751"
[1/2] Building C object CMakeFiles/cmTC_91751.dir/feature_tests.c.o
[2/2] Linking C executable cmTC_91751


    Feature record: C_FEATURE:1c_function_prototypes
    Feature record: C_FEATURE:0c_restrict
    Feature record: C_FEATURE:0c_static_assert
    Feature record: C_FEATURE:0c_variadic_macros
Determining if the CXX compiler works passed with the following output:
Change Dir: /Users/connormcfadden/Documents/Bink/Android/binkapp/app/.cxx/cmake/release/x86_64/CMakeFiles/CMakeTmp

Run Build Command:"/Users/connormcfadden/Library/Android/sdk/cmake/3.10.2.4988404/bin/ninja" "cmTC_63662"
[1/2] Building CXX object CMakeFiles/cmTC_63662.dir/testCXXCompiler.cxx.o
[2/2] Linking CXX executable cmTC_63662


Detecting CXX compiler ABI info compiled with the following output:
Change Dir: /Users/connormcfadden/Documents/Bink/Android/binkapp/app/.cxx/cmake/release/x86_64/CMakeFiles/CMakeTmp

Run Build Command:"/Users/connormcfadden/Library/Android/sdk/cmake/3.10.2.4988404/bin/ninja" "cmTC_fbca2"
[1/2] Building CXX object CMakeFiles/cmTC_fbca2.dir/CMakeCXXCompilerABI.cpp.o
[2/2] Linking CXX executable cmTC_fbca2
Android (5900059 based on r365631c) clang version 9.0.8 (https://android.googlesource.com/toolchain/llvm-project 207d7abc1a2abf3ef8d4301736d6a7ebc224a290) (based on LLVM 9.0.8svn)
Target: x86_64-none-linux-android23
Thread model: posix
InstalledDir: /Users/connormcfadden/Library/Android/sdk/ndk/21.0.6113669/toolchains/llvm/prebuilt/darwin-x86_64/bin
Found candidate GCC installation: /Users/connormcfadden/Library/Android/sdk/ndk/21.0.6113669/toolchains/llvm/prebuilt/darwin-x86_64/lib/gcc/i686-linux-android/4.9.x
Found candidate GCC installation: /Users/connormcfadden/Library/Android/sdk/ndk/21.0.6113669/toolchains/llvm/prebuilt/darwin-x86_64/lib/gcc/x86_64-linux-android/4.9.x
Selected GCC installation: /Users/connormcfadden/Library/Android/sdk/ndk/21.0.6113669/toolchains/llvm/prebuilt/darwin-x86_64/lib/gcc/x86_64-linux-android/4.9.x
Candidate multilib: .;@m64
Selected multilib: .;@m64
 "/Users/connormcfadden/Library/Android/sdk/ndk/21.0.6113669/toolchains/llvm/prebuilt/darwin-x86_64/lib/gcc/x86_64-linux-android/4.9.x/../../../../x86_64-linux-android/bin/ld" --sysroot=/Users/connormcfadden/Library/Android/sdk/ndk/21.0.6113669/toolchains/llvm/prebuilt/darwin-x86_64/sysroot -pie -z noexecstack --warn-shared-textrel -z now -z relro --hash-style=gnu --enable-new-dtags --eh-frame-hdr -m elf_x86_64 -dynamic-linker /system/bin/linker64 -o cmTC_fbca2 /Users/connormcfadden/Library/Android/sdk/ndk/21.0.6113669/toolchains/llvm/prebuilt/darwin-x86_64/sysroot/usr/lib/x86_64-linux-android/23/crtbegin_dynamic.o -L/Users/connormcfadden/Library/Android/sdk/ndk/21.0.6113669/toolchains/llvm/prebuilt/darwin-x86_64/lib64/clang/9.0.8/lib/linux/x86_64 -L/Users/connormcfadden/Library/Android/sdk/ndk/21.0.6113669/toolchains/llvm/prebuilt/darwin-x86_64/lib/gcc/x86_64-linux-android/4.9.x -L/Users/connormcfadden/Library/Android/sdk/ndk/21.0.6113669/toolchains/llvm/prebuilt/darwin-x86_64/lib/gcc/x86_64-linux-android/4.9.x/../../../../x86_64-linux-android/lib/../lib64 -L/Users/connormcfadden/Library/Android/sdk/ndk/21.0.6113669/toolchains/llvm/prebuilt/darwin-x86_64/sysroot/usr/lib/x86_64-linux-android/23 -L/Users/connormcfadden/Library/Android/sdk/ndk/21.0.6113669/toolchains/llvm/prebuilt/darwin-x86_64/sysroot/usr/lib/x86_64-linux-android -L/Users/connormcfadden/Library/Android/sdk/ndk/21.0.6113669/toolchains/llvm/prebuilt/darwin-x86_64/lib/gcc/x86_64-linux-android/4.9.x/../../../../x86_64-linux-android/lib -L/Users/connormcfadden/Library/Android/sdk/ndk/21.0.6113669/toolchains/llvm/prebuilt/darwin-x86_64/sysroot/usr/lib --exclude-libs libgcc_real.a --exclude-libs libatomic.a --build-id --fatal-warnings --no-undefined --gc-sections CMakeFiles/cmTC_fbca2.dir/CMakeCXXCompilerABI.cpp.o -Bstatic -lc++ -Bdynamic -lm -lgcc -ldl -lc -lgcc -ldl /Users/connormcfadden/Library/Android/sdk/ndk/21.0.6113669/toolchains/llvm/prebuilt/darwin-x86_64/sysroot/usr/lib/x86_64-linux-android/23/crtend_android.o


Parsed CXX implicit link information from above output:
  link line regex: [^( *|.*[/\])(x86_64-linux-android-ld|CMAKE_LINK_STARTFILE-NOTFOUND|([^/\]+-)?ld|collect2)[^/\]*( |$)]
  ignore line: [Change Dir: /Users/connormcfadden/Documents/Bink/Android/binkapp/app/.cxx/cmake/release/x86_64/CMakeFiles/CMakeTmp]
  ignore line: []
  ignore line: [Run Build Command:"/Users/connormcfadden/Library/Android/sdk/cmake/3.10.2.4988404/bin/ninja" "cmTC_fbca2"]
  ignore line: [[1/2] Building CXX object CMakeFiles/cmTC_fbca2.dir/CMakeCXXCompilerABI.cpp.o]
  ignore line: [[2/2] Linking CXX executable cmTC_fbca2]
  ignore line: [Android (5900059 based on r365631c) clang version 9.0.8 (https://android.googlesource.com/toolchain/llvm-project 207d7abc1a2abf3ef8d4301736d6a7ebc224a290) (based on LLVM 9.0.8svn)]
  ignore line: [Target: x86_64-none-linux-android23]
  ignore line: [Thread model: posix]
  ignore line: [InstalledDir: /Users/connormcfadden/Library/Android/sdk/ndk/21.0.6113669/toolchains/llvm/prebuilt/darwin-x86_64/bin]
  ignore line: [Found candidate GCC installation: /Users/connormcfadden/Library/Android/sdk/ndk/21.0.6113669/toolchains/llvm/prebuilt/darwin-x86_64/lib/gcc/i686-linux-android/4.9.x]
  ignore line: [Found candidate GCC installation: /Users/connormcfadden/Library/Android/sdk/ndk/21.0.6113669/toolchains/llvm/prebuilt/darwin-x86_64/lib/gcc/x86_64-linux-android/4.9.x]
  ignore line: [Selected GCC installation: /Users/connormcfadden/Library/Android/sdk/ndk/21.0.6113669/toolchains/llvm/prebuilt/darwin-x86_64/lib/gcc/x86_64-linux-android/4.9.x]
  ignore line: [Candidate multilib: .]
  ignore line: [@m64]
  ignore line: [Selected multilib: .]
  ignore line: [@m64]
  link line: [ "/Users/connormcfadden/Library/Android/sdk/ndk/21.0.6113669/toolchains/llvm/prebuilt/darwin-x86_64/lib/gcc/x86_64-linux-android/4.9.x/../../../../x86_64-linux-android/bin/ld" --sysroot=/Users/connormcfadden/Library/Android/sdk/ndk/21.0.6113669/toolchains/llvm/prebuilt/darwin-x86_64/sysroot -pie -z noexecstack --warn-shared-textrel -z now -z relro --hash-style=gnu --enable-new-dtags --eh-frame-hdr -m elf_x86_64 -dynamic-linker /system/bin/linker64 -o cmTC_fbca2 /Users/connormcfadden/Library/Android/sdk/ndk/21.0.6113669/toolchains/llvm/prebuilt/darwin-x86_64/sysroot/usr/lib/x86_64-linux-android/23/crtbegin_dynamic.o -L/Users/connormcfadden/Library/Android/sdk/ndk/21.0.6113669/toolchains/llvm/prebuilt/darwin-x86_64/lib64/clang/9.0.8/lib/linux/x86_64 -L/Users/connormcfadden/Library/Android/sdk/ndk/21.0.6113669/toolchains/llvm/prebuilt/darwin-x86_64/lib/gcc/x86_64-linux-android/4.9.x -L/Users/connormcfadden/Library/Android/sdk/ndk/21.0.6113669/toolchains/llvm/prebuilt/darwin-x86_64/lib/gcc/x86_64-linux-android/4.9.x/../../../../x86_64-linux-android/lib/../lib64 -L/Users/connormcfadden/Library/Android/sdk/ndk/21.0.6113669/toolchains/llvm/prebuilt/darwin-x86_64/sysroot/usr/lib/x86_64-linux-android/23 -L/Users/connormcfadden/Library/Android/sdk/ndk/21.0.6113669/toolchains/llvm/prebuilt/darwin-x86_64/sysroot/usr/lib/x86_64-linux-android -L/Users/connormcfadden/Library/Android/sdk/ndk/21.0.6113669/toolchains/llvm/prebuilt/darwin-x86_64/lib/gcc/x86_64-linux-android/4.9.x/../../../../x86_64-linux-android/lib -L/Users/connormcfadden/Library/Android/sdk/ndk/21.0.6113669/toolchains/llvm/prebuilt/darwin-x86_64/sysroot/usr/lib --exclude-libs libgcc_real.a --exclude-libs libatomic.a --build-id --fatal-warnings --no-undefined --gc-sections CMakeFiles/cmTC_fbca2.dir/CMakeCXXCompilerABI.cpp.o -Bstatic -lc++ -Bdynamic -lm -lgcc -ldl -lc -lgcc -ldl /Users/connormcfadden/Library/Android/sdk/ndk/21.0.6113669/toolchains/llvm/prebuilt/darwin-x86_64/sysroot/usr/lib/x86_64-linux-android/23/crtend_android.o]
    arg [/Users/connormcfadden/Library/Android/sdk/ndk/21.0.6113669/toolchains/llvm/prebuilt/darwin-x86_64/lib/gcc/x86_64-linux-android/4.9.x/../../../../x86_64-linux-android/bin/ld] ==> ignore
    arg [--sysroot=/Users/connormcfadden/Library/Android/sdk/ndk/21.0.6113669/toolchains/llvm/prebuilt/darwin-x86_64/sysroot] ==> ignore
    arg [-pie] ==> ignore
    arg [-znoexecstack] ==> ignore
    arg [--warn-shared-textrel] ==> ignore
    arg [-znow] ==> ignore
    arg [-zrelro] ==> ignore
    arg [--hash-style=gnu] ==> ignore
    arg [--enable-new-dtags] ==> ignore
    arg [--eh-frame-hdr] ==> ignore
    arg [-m] ==> ignore
    arg [elf_x86_64] ==> ignore
    arg [-dynamic-linker] ==> ignore
    arg [/system/bin/linker64] ==> ignore
    arg [-o] ==> ignore
    arg [cmTC_fbca2] ==> ignore
    arg [/Users/connormcfadden/Library/Android/sdk/ndk/21.0.6113669/toolchains/llvm/prebuilt/darwin-x86_64/sysroot/usr/lib/x86_64-linux-android/23/crtbegin_dynamic.o] ==> ignore
    arg [-L/Users/connormcfadden/Library/Android/sdk/ndk/21.0.6113669/toolchains/llvm/prebuilt/darwin-x86_64/lib64/clang/9.0.8/lib/linux/x86_64] ==> dir [/Users/connormcfadden/Library/Android/sdk/ndk/21.0.6113669/toolchains/llvm/prebuilt/darwin-x86_64/lib64/clang/9.0.8/lib/linux/x86_64]
    arg [-L/Users/connormcfadden/Library/Android/sdk/ndk/21.0.6113669/toolchains/llvm/prebuilt/darwin-x86_64/lib/gcc/x86_64-linux-android/4.9.x] ==> dir [/Users/connormcfadden/Library/Android/sdk/ndk/21.0.6113669/toolchains/llvm/prebuilt/darwin-x86_64/lib/gcc/x86_64-linux-android/4.9.x]
    arg [-L/Users/connormcfadden/Library/Android/sdk/ndk/21.0.6113669/toolchains/llvm/prebuilt/darwin-x86_64/lib/gcc/x86_64-linux-android/4.9.x/../../../../x86_64-linux-android/lib/../lib64] ==> dir [/Users/connormcfadden/Library/Android/sdk/ndk/21.0.6113669/toolchains/llvm/prebuilt/darwin-x86_64/lib/gcc/x86_64-linux-android/4.9.x/../../../../x86_64-linux-android/lib/../lib64]
    arg [-L/Users/connormcfadden/Library/Android/sdk/ndk/21.0.6113669/toolchains/llvm/prebuilt/darwin-x86_64/sysroot/usr/lib/x86_64-linux-android/23] ==> dir [/Users/connormcfadden/Library/Android/sdk/ndk/21.0.6113669/toolchains/llvm/prebuilt/darwin-x86_64/sysroot/usr/lib/x86_64-linux-android/23]
    arg [-L/Users/connormcfadden/Library/Android/sdk/ndk/21.0.6113669/toolchains/llvm/prebuilt/darwin-x86_64/sysroot/usr/lib/x86_64-linux-android] ==> dir [/Users/connormcfadden/Library/Android/sdk/ndk/21.0.6113669/toolchains/llvm/prebuilt/darwin-x86_64/sysroot/usr/lib/x86_64-linux-android]
    arg [-L/Users/connormcfadden/Library/Android/sdk/ndk/21.0.6113669/toolchains/llvm/prebuilt/darwin-x86_64/lib/gcc/x86_64-linux-android/4.9.x/../../../../x86_64-linux-android/lib] ==> dir [/Users/connormcfadden/Library/Android/sdk/ndk/21.0.6113669/toolchains/llvm/prebuilt/darwin-x86_64/lib/gcc/x86_64-linux-android/4.9.x/../../../../x86_64-linux-android/lib]
    arg [-L/Users/connormcfadden/Library/Android/sdk/ndk/21.0.6113669/toolchains/llvm/prebuilt/darwin-x86_64/sysroot/usr/lib] ==> dir [/Users/connormcfadden/Library/Android/sdk/ndk/21.0.6113669/toolchains/llvm/prebuilt/darwin-x86_64/sysroot/usr/lib]
    arg [--exclude-libs] ==> ignore
    arg [libgcc_real.a] ==> ignore
    arg [--exclude-libs] ==> ignore
    arg [libatomic.a] ==> ignore
    arg [--build-id] ==> ignore
    arg [--fatal-warnings] ==> ignore
    arg [--no-undefined] ==> ignore
    arg [--gc-sections] ==> ignore
    arg [CMakeFiles/cmTC_fbca2.dir/CMakeCXXCompilerABI.cpp.o] ==> ignore
    arg [-Bstatic] ==> ignore
    arg [-lc++] ==> lib [c++]
    arg [-Bdynamic] ==> ignore
    arg [-lm] ==> lib [m]
    arg [-lgcc] ==> lib [gcc]
    arg [-ldl] ==> lib [dl]
    arg [-lc] ==> lib [c]
    arg [-lgcc] ==> lib [gcc]
    arg [-ldl] ==> lib [dl]
    arg [/Users/connormcfadden/Library/Android/sdk/ndk/21.0.6113669/toolchains/llvm/prebuilt/darwin-x86_64/sysroot/usr/lib/x86_64-linux-android/23/crtend_android.o] ==> ignore
  collapse library dir [/Users/connormcfadden/Library/Android/sdk/ndk/21.0.6113669/toolchains/llvm/prebuilt/darwin-x86_64/lib64/clang/9.0.8/lib/linux/x86_64] ==> [/Users/connormcfadden/Library/Android/sdk/ndk/21.0.6113669/toolchains/llvm/prebuilt/darwin-x86_64/lib64/clang/9.0.8/lib/linux/x86_64]
  collapse library dir [/Users/connormcfadden/Library/Android/sdk/ndk/21.0.6113669/toolchains/llvm/prebuilt/darwin-x86_64/lib/gcc/x86_64-linux-android/4.9.x] ==> [/Users/connormcfadden/Library/Android/sdk/ndk/21.0.6113669/toolchains/llvm/prebuilt/darwin-x86_64/lib/gcc/x86_64-linux-android/4.9.x]
  collapse library dir [/Users/connormcfadden/Library/Android/sdk/ndk/21.0.6113669/toolchains/llvm/prebuilt/darwin-x86_64/lib/gcc/x86_64-linux-android/4.9.x/../../../../x86_64-linux-android/lib/../lib64] ==> [/Users/connormcfadden/Library/Android/sdk/ndk/21.0.6113669/toolchains/llvm/prebuilt/darwin-x86_64/x86_64-linux-android/lib64]
  collapse library dir [/Users/connormcfadden/Library/Android/sdk/ndk/21.0.6113669/toolchains/llvm/prebuilt/darwin-x86_64/sysroot/usr/lib/x86_64-linux-android/23] ==> [/Users/connormcfadden/Library/Android/sdk/ndk/21.0.6113669/toolchains/llvm/prebuilt/darwin-x86_64/sysroot/usr/lib/x86_64-linux-android/23]
  collapse library dir [/Users/connormcfadden/Library/Android/sdk/ndk/21.0.6113669/toolchains/llvm/prebuilt/darwin-x86_64/sysroot/usr/lib/x86_64-linux-android] ==> [/Users/connormcfadden/Library/Android/sdk/ndk/21.0.6113669/toolchains/llvm/prebuilt/darwin-x86_64/sysroot/usr/lib/x86_64-linux-android]
  collapse library dir [/Users/connormcfadden/Library/Android/sdk/ndk/21.0.6113669/toolchains/llvm/prebuilt/darwin-x86_64/lib/gcc/x86_64-linux-android/4.9.x/../../../../x86_64-linux-android/lib] ==> [/Users/connormcfadden/Library/Android/sdk/ndk/21.0.6113669/toolchains/llvm/prebuilt/darwin-x86_64/x86_64-linux-android/lib]
  collapse library dir [/Users/connormcfadden/Library/Android/sdk/ndk/21.0.6113669/toolchains/llvm/prebuilt/darwin-x86_64/sysroot/usr/lib] ==> [/Users/connormcfadden/Library/Android/sdk/ndk/21.0.6113669/toolchains/llvm/prebuilt/darwin-x86_64/sysroot/usr/lib]
  implicit libs: [c++;m;gcc;dl;c;gcc;dl]
  implicit dirs: [/Users/connormcfadden/Library/Android/sdk/ndk/21.0.6113669/toolchains/llvm/prebuilt/darwin-x86_64/lib64/clang/9.0.8/lib/linux/x86_64;/Users/connormcfadden/Library/Android/sdk/ndk/21.0.6113669/toolchains/llvm/prebuilt/darwin-x86_64/lib/gcc/x86_64-linux-android/4.9.x;/Users/connormcfadden/Library/Android/sdk/ndk/21.0.6113669/toolchains/llvm/prebuilt/darwin-x86_64/x86_64-linux-android/lib64;/Users/connormcfadden/Library/Android/sdk/ndk/21.0.6113669/toolchains/llvm/prebuilt/darwin-x86_64/sysroot/usr/lib/x86_64-linux-android/23;/Users/connormcfadden/Library/Android/sdk/ndk/21.0.6113669/toolchains/llvm/prebuilt/darwin-x86_64/sysroot/usr/lib/x86_64-linux-android;/Users/connormcfadden/Library/Android/sdk/ndk/21.0.6113669/toolchains/llvm/prebuilt/darwin-x86_64/x86_64-linux-android/lib;/Users/connormcfadden/Library/Android/sdk/ndk/21.0.6113669/toolchains/llvm/prebuilt/darwin-x86_64/sysroot/usr/lib]
  implicit fwks: []




Detecting CXX [-std=c++1z] compiler features compiled with the following output:
Change Dir: /Users/connormcfadden/Documents/Bink/Android/binkapp/app/.cxx/cmake/release/x86_64/CMakeFiles/CMakeTmp

Run Build Command:"/Users/connormcfadden/Library/Android/sdk/cmake/3.10.2.4988404/bin/ninja" "cmTC_00e16"
[1/2] Building CXX object CMakeFiles/cmTC_00e16.dir/feature_tests.cxx.o
[2/2] Linking CXX executable cmTC_00e16


    Feature record: CXX_FEATURE:1cxx_aggregate_default_initializers
    Feature record: CXX_FEATURE:1cxx_alias_templates
    Feature record: CXX_FEATURE:1cxx_alignas
    Feature record: CXX_FEATURE:1cxx_alignof
    Feature record: CXX_FEATURE:1cxx_attributes
    Feature record: CXX_FEATURE:1cxx_attribute_deprecated
    Feature record: CXX_FEATURE:1cxx_auto_type
    Feature record: CXX_FEATURE:1cxx_binary_literals
    Feature record: CXX_FEATURE:1cxx_constexpr
    Feature record: CXX_FEATURE:1cxx_contextual_conversions
    Feature record: CXX_FEATURE:1cxx_decltype
    Feature record: CXX_FEATURE:1cxx_decltype_auto
    Feature record: CXX_FEATURE:1cxx_decltype_incomplete_return_types
    Feature record: CXX_FEATURE:1cxx_default_function_template_args
    Feature record: CXX_FEATURE:1cxx_defaulted_functions
    Feature record: CXX_FEATURE:1cxx_defaulted_move_initializers
    Feature record: CXX_FEATURE:1cxx_delegating_constructors
    Feature record: CXX_FEATURE:1cxx_deleted_functions
    Feature record: CXX_FEATURE:1cxx_digit_separators
    Feature record: CXX_FEATURE:1cxx_enum_forward_declarations
    Feature record: CXX_FEATURE:1cxx_explicit_conversions
    Feature record: CXX_FEATURE:1cxx_extended_friend_declarations
    Feature record: CXX_FEATURE:1cxx_extern_templates
    Feature record: CXX_FEATURE:1cxx_final
    Feature record: CXX_FEATURE:1cxx_func_identifier
    Feature record: CXX_FEATURE:1cxx_generalized_initializers
    Feature record: CXX_FEATURE:1cxx_generic_lambdas
    Feature record: CXX_FEATURE:1cxx_inheriting_constructors
    Feature record: CXX_FEATURE:1cxx_inline_namespaces
    Feature record: CXX_FEATURE:1cxx_lambdas
    Feature record: CXX_FEATURE:1cxx_lambda_init_captures
    Feature record: CXX_FEATURE:1cxx_local_type_template_args
    Feature record: CXX_FEATURE:1cxx_long_long_type
    Feature record: CXX_FEATURE:1cxx_noexcept
    Feature record: CXX_FEATURE:1cxx_nonstatic_member_init
    Feature record: CXX_FEATURE:1cxx_nullptr
    Feature record: CXX_FEATURE:1cxx_override
    Feature record: CXX_FEATURE:1cxx_range_for
    Feature record: CXX_FEATURE:1cxx_raw_string_literals
    Feature record: CXX_FEATURE:1cxx_reference_qualified_functions
    Feature record: CXX_FEATURE:1cxx_relaxed_constexpr
    Feature record: CXX_FEATURE:1cxx_return_type_deduction
    Feature record: CXX_FEATURE:1cxx_right_angle_brackets
    Feature record: CXX_FEATURE:1cxx_rvalue_references
    Feature record: CXX_FEATURE:1cxx_sizeof_member
    Feature record: CXX_FEATURE:1cxx_static_assert
    Feature record: CXX_FEATURE:1cxx_strong_enums
    Feature record: CXX_FEATURE:1cxx_template_template_parameters
    Feature record: CXX_FEATURE:1cxx_thread_local
    Feature record: CXX_FEATURE:1cxx_trailing_return_types
    Feature record: CXX_FEATURE:1cxx_unicode_literals
    Feature record: CXX_FEATURE:1cxx_uniform_initialization
    Feature record: CXX_FEATURE:1cxx_unrestricted_unions
    Feature record: CXX_FEATURE:1cxx_user_literals
    Feature record: CXX_FEATURE:1cxx_variable_templates
    Feature record: CXX_FEATURE:1cxx_variadic_macros
    Feature record: CXX_FEATURE:1cxx_variadic_templates


Detecting CXX [-std=c++14] compiler features compiled with the following output:
Change Dir: /Users/connormcfadden/Documents/Bink/Android/binkapp/app/.cxx/cmake/release/x86_64/CMakeFiles/CMakeTmp

Run Build Command:"/Users/connormcfadden/Library/Android/sdk/cmake/3.10.2.4988404/bin/ninja" "cmTC_83f60"
[1/2] Building CXX object CMakeFiles/cmTC_83f60.dir/feature_tests.cxx.o
[2/2] Linking CXX executable cmTC_83f60


    Feature record: CXX_FEATURE:1cxx_aggregate_default_initializers
    Feature record: CXX_FEATURE:1cxx_alias_templates
    Feature record: CXX_FEATURE:1cxx_alignas
    Feature record: CXX_FEATURE:1cxx_alignof
    Feature record: CXX_FEATURE:1cxx_attributes
    Feature record: CXX_FEATURE:1cxx_attribute_deprecated
    Feature record: CXX_FEATURE:1cxx_auto_type
    Feature record: CXX_FEATURE:1cxx_binary_literals
    Feature record: CXX_FEATURE:1cxx_constexpr
    Feature record: CXX_FEATURE:1cxx_contextual_conversions
    Feature record: CXX_FEATURE:1cxx_decltype
    Feature record: CXX_FEATURE:1cxx_decltype_auto
    Feature record: CXX_FEATURE:1cxx_decltype_incomplete_return_types
    Feature record: CXX_FEATURE:1cxx_default_function_template_args
    Feature record: CXX_FEATURE:1cxx_defaulted_functions
    Feature record: CXX_FEATURE:1cxx_defaulted_move_initializers
    Feature record: CXX_FEATURE:1cxx_delegating_constructors
    Feature record: CXX_FEATURE:1cxx_deleted_functions
    Feature record: CXX_FEATURE:1cxx_digit_separators
    Feature record: CXX_FEATURE:1cxx_enum_forward_declarations
    Feature record: CXX_FEATURE:1cxx_explicit_conversions
    Feature record: CXX_FEATURE:1cxx_extended_friend_declarations
    Feature record: CXX_FEATURE:1cxx_extern_templates
    Feature record: CXX_FEATURE:1cxx_final
    Feature record: CXX_FEATURE:1cxx_func_identifier
    Feature record: CXX_FEATURE:1cxx_generalized_initializers
    Feature record: CXX_FEATURE:1cxx_generic_lambdas
    Feature record: CXX_FEATURE:1cxx_inheriting_constructors
    Feature record: CXX_FEATURE:1cxx_inline_namespaces
    Feature record: CXX_FEATURE:1cxx_lambdas
    Feature record: CXX_FEATURE:1cxx_lambda_init_captures
    Feature record: CXX_FEATURE:1cxx_local_type_template_args
    Feature record: CXX_FEATURE:1cxx_long_long_type
    Feature record: CXX_FEATURE:1cxx_noexcept
    Feature record: CXX_FEATURE:1cxx_nonstatic_member_init
    Feature record: CXX_FEATURE:1cxx_nullptr
    Feature record: CXX_FEATURE:1cxx_override
    Feature record: CXX_FEATURE:1cxx_range_for
    Feature record: CXX_FEATURE:1cxx_raw_string_literals
    Feature record: CXX_FEATURE:1cxx_reference_qualified_functions
    Feature record: CXX_FEATURE:1cxx_relaxed_constexpr
    Feature record: CXX_FEATURE:1cxx_return_type_deduction
    Feature record: CXX_FEATURE:1cxx_right_angle_brackets
    Feature record: CXX_FEATURE:1cxx_rvalue_references
    Feature record: CXX_FEATURE:1cxx_sizeof_member
    Feature record: CXX_FEATURE:1cxx_static_assert
    Feature record: CXX_FEATURE:1cxx_strong_enums
    Feature record: CXX_FEATURE:1cxx_template_template_parameters
    Feature record: CXX_FEATURE:1cxx_thread_local
    Feature record: CXX_FEATURE:1cxx_trailing_return_types
    Feature record: CXX_FEATURE:1cxx_unicode_literals
    Feature record: CXX_FEATURE:1cxx_uniform_initialization
    Feature record: CXX_FEATURE:1cxx_unrestricted_unions
    Feature record: CXX_FEATURE:1cxx_user_literals
    Feature record: CXX_FEATURE:1cxx_variable_templates
    Feature record: CXX_FEATURE:1cxx_variadic_macros
    Feature record: CXX_FEATURE:1cxx_variadic_templates


Detecting CXX [-std=c++11] compiler features compiled with the following output:
Change Dir: /Users/connormcfadden/Documents/Bink/Android/binkapp/app/.cxx/cmake/release/x86_64/CMakeFiles/CMakeTmp

Run Build Command:"/Users/connormcfadden/Library/Android/sdk/cmake/3.10.2.4988404/bin/ninja" "cmTC_bec14"
[1/2] Building CXX object CMakeFiles/cmTC_bec14.dir/feature_tests.cxx.o
[2/2] Linking CXX executable cmTC_bec14


    Feature record: CXX_FEATURE:0cxx_aggregate_default_initializers
    Feature record: CXX_FEATURE:1cxx_alias_templates
    Feature record: CXX_FEATURE:1cxx_alignas
    Feature record: CXX_FEATURE:1cxx_alignof
    Feature record: CXX_FEATURE:1cxx_attributes
    Feature record: CXX_FEATURE:0cxx_attribute_deprecated
    Feature record: CXX_FEATURE:1cxx_auto_type
    Feature record: CXX_FEATURE:0cxx_binary_literals
    Feature record: CXX_FEATURE:1cxx_constexpr
    Feature record: CXX_FEATURE:0cxx_contextual_conversions
    Feature record: CXX_FEATURE:1cxx_decltype
    Feature record: CXX_FEATURE:0cxx_decltype_auto
    Feature record: CXX_FEATURE:1cxx_decltype_incomplete_return_types
    Feature record: CXX_FEATURE:1cxx_default_function_template_args
    Feature record: CXX_FEATURE:1cxx_defaulted_functions
    Feature record: CXX_FEATURE:1cxx_defaulted_move_initializers
    Feature record: CXX_FEATURE:1cxx_delegating_constructors
    Feature record: CXX_FEATURE:1cxx_deleted_functions
    Feature record: CXX_FEATURE:0cxx_digit_separators
    Feature record: CXX_FEATURE:1cxx_enum_forward_declarations
    Feature record: CXX_FEATURE:1cxx_explicit_conversions
    Feature record: CXX_FEATURE:1cxx_extended_friend_declarations
    Feature record: CXX_FEATURE:1cxx_extern_templates
    Feature record: CXX_FEATURE:1cxx_final
    Feature record: CXX_FEATURE:1cxx_func_identifier
    Feature record: CXX_FEATURE:1cxx_generalized_initializers
    Feature record: CXX_FEATURE:0cxx_generic_lambdas
    Feature record: CXX_FEATURE:1cxx_inheriting_constructors
    Feature record: CXX_FEATURE:1cxx_inline_namespaces
    Feature record: CXX_FEATURE:1cxx_lambdas
    Feature record: CXX_FEATURE:0cxx_lambda_init_captures
    Feature record: CXX_FEATURE:1cxx_local_type_template_args
    Feature record: CXX_FEATURE:1cxx_long_long_type
    Feature record: CXX_FEATURE:1cxx_noexcept
    Feature record: CXX_FEATURE:1cxx_nonstatic_member_init
    Feature record: CXX_FEATURE:1cxx_nullptr
    Feature record: CXX_FEATURE:1cxx_override
    Feature record: CXX_FEATURE:1cxx_range_for
    Feature record: CXX_FEATURE:1cxx_raw_string_literals
    Feature record: CXX_FEATURE:1cxx_reference_qualified_functions
    Feature record: CXX_FEATURE:0cxx_relaxed_constexpr
    Feature record: CXX_FEATURE:0cxx_return_type_deduction
    Feature record: CXX_FEATURE:1cxx_right_angle_brackets
    Feature record: CXX_FEATURE:1cxx_rvalue_references
    Feature record: CXX_FEATURE:1cxx_sizeof_member
    Feature record: CXX_FEATURE:1cxx_static_assert
    Feature record: CXX_FEATURE:1cxx_strong_enums
    Feature record: CXX_FEATURE:1cxx_template_template_parameters
    Feature record: CXX_FEATURE:1cxx_thread_local
    Feature record: CXX_FEATURE:1cxx_trailing_return_types
    Feature record: CXX_FEATURE:1cxx_unicode_literals
    Feature record: CXX_FEATURE:1cxx_uniform_initialization
    Feature record: CXX_FEATURE:1cxx_unrestricted_unions
    Feature record: CXX_FEATURE:1cxx_user_literals
    Feature record: CXX_FEATURE:0cxx_variable_templates
    Feature record: CXX_FEATURE:1cxx_variadic_macros
    Feature record: CXX_FEATURE:1cxx_variadic_templates


Detecting CXX [-std=c++98] compiler features compiled with the following output:
Change Dir: /Users/connormcfadden/Documents/Bink/Android/binkapp/app/.cxx/cmake/release/x86_64/CMakeFiles/CMakeTmp

Run Build Command:"/Users/connormcfadden/Library/Android/sdk/cmake/3.10.2.4988404/bin/ninja" "cmTC_e7975"
[1/2] Building CXX object CMakeFiles/cmTC_e7975.dir/feature_tests.cxx.o
[2/2] Linking CXX executable cmTC_e7975


    Feature record: CXX_FEATURE:0cxx_aggregate_default_initializers
    Feature record: CXX_FEATURE:0cxx_alias_templates
    Feature record: CXX_FEATURE:0cxx_alignas
    Feature record: CXX_FEATURE:0cxx_alignof
    Feature record: CXX_FEATURE:0cxx_attributes
    Feature record: CXX_FEATURE:0cxx_attribute_deprecated
    Feature record: CXX_FEATURE:0cxx_auto_type
    Feature record: CXX_FEATURE:0cxx_binary_literals
    Feature record: CXX_FEATURE:0cxx_constexpr
    Feature record: CXX_FEATURE:0cxx_contextual_conversions
    Feature record: CXX_FEATURE:0cxx_decltype
    Feature record: CXX_FEATURE:0cxx_decltype_auto
    Feature record: CXX_FEATURE:0cxx_decltype_incomplete_return_types
    Feature record: CXX_FEATURE:0cxx_default_function_template_args
    Feature record: CXX_FEATURE:0cxx_defaulted_functions
    Feature record: CXX_FEATURE:0cxx_defaulted_move_initializers
    Feature record: CXX_FEATURE:0cxx_delegating_constructors
    Feature record: CXX_FEATURE:0cxx_deleted_functions
    Feature record: CXX_FEATURE:0cxx_digit_separators
    Feature record: CXX_FEATURE:0cxx_enum_forward_declarations
    Feature record: CXX_FEATURE:0cxx_explicit_conversions
    Feature record: CXX_FEATURE:0cxx_extended_friend_declarations
    Feature record: CXX_FEATURE:0cxx_extern_templates
    Feature record: CXX_FEATURE:0cxx_final
    Feature record: CXX_FEATURE:0cxx_func_identifier
    Feature record: CXX_FEATURE:0cxx_generalized_initializers
    Feature record: CXX_FEATURE:0cxx_generic_lambdas
    Feature record: CXX_FEATURE:0cxx_inheriting_constructors
    Feature record: CXX_FEATURE:0cxx_inline_namespaces
    Feature record: CXX_FEATURE:0cxx_lambdas
    Feature record: CXX_FEATURE:0cxx_lambda_init_captures
    Feature record: CXX_FEATURE:0cxx_local_type_template_args
    Feature record: CXX_FEATURE:0cxx_long_long_type
    Feature record: CXX_FEATURE:0cxx_noexcept
    Feature record: CXX_FEATURE:0cxx_nonstatic_member_init
    Feature record: CXX_FEATURE:0cxx_nullptr
    Feature record: CXX_FEATURE:0cxx_override
    Feature record: CXX_FEATURE:0cxx_range_for
    Feature record: CXX_FEATURE:0cxx_raw_string_literals
    Feature record: CXX_FEATURE:0cxx_reference_qualified_functions
    Feature record: CXX_FEATURE:0cxx_relaxed_constexpr
    Feature record: CXX_FEATURE:0cxx_return_type_deduction
    Feature record: CXX_FEATURE:0cxx_right_angle_brackets
    Feature record: CXX_FEATURE:0cxx_rvalue_references
    Feature record: CXX_FEATURE:0cxx_sizeof_member
    Feature record: CXX_FEATURE:0cxx_static_assert
    Feature record: CXX_FEATURE:0cxx_strong_enums
    Feature record: CXX_FEATURE:1cxx_template_template_parameters
    Feature record: CXX_FEATURE:0cxx_thread_local
    Feature record: CXX_FEATURE:0cxx_trailing_return_types
    Feature record: CXX_FEATURE:0cxx_unicode_literals
    Feature record: CXX_FEATURE:0cxx_uniform_initialization
    Feature record: CXX_FEATURE:0cxx_unrestricted_unions
    Feature record: CXX_FEATURE:0cxx_user_literals
    Feature record: CXX_FEATURE:0cxx_variable_templates
    Feature record: CXX_FEATURE:0cxx_variadic_macros
    Feature record: CXX_FEATURE:0cxx_variadic_templates
